<?xml version="1.0" encoding="UTF-8"?>
<testsuite xmlns:xsi="http://www.w3.org/2001/XMLSchema-instance" xsi:noNamespaceSchemaLocation="https://maven.apache.org/surefire/maven-surefire-plugin/xsd/surefire-test-report-3.0.xsd" version="3.0" name="pt.tecnico.ulisboa.AuthenticatedPerfectLinkTests" time="14.004" tests="7" errors="0" skipped="0" failures="0">
  <properties>
    <property name="java.specification.version" value="24"/>
    <property name="sun.jnu.encoding" value="UTF-8"/>
    <property name="java.class.path" value="/home/c4rrao/cps/project/VDF-Depchain/depchain/target/test-classes:/home/c4rrao/cps/project/VDF-Depchain/depchain/target/classes:/home/c4rrao/.m2/repository/junit/junit/4.13.2/junit-4.13.2.jar:/home/c4rrao/.m2/repository/org/hamcrest/hamcrest-core/1.3/hamcrest-core-1.3.jar:/home/c4rrao/cps/project/VDF-Depchain/depchain/libs/bcprov-jdk18on-1.80.jar:/home/c4rrao/cps/project/VDF-Depchain/depchain/libs/besu-datatypes-24.12.2.jar:/home/c4rrao/cps/project/VDF-Depchain/depchain/libs/caffeine-3.2.0.jar:/home/c4rrao/cps/project/VDF-Depchain/depchain/libs/core-24.12.2.jar:/home/c4rrao/cps/project/VDF-Depchain/depchain/libs/crypto-23.1.3.jar:/home/c4rrao/cps/project/VDF-Depchain/depchain/libs/evm-24.12.2.jar:/home/c4rrao/cps/project/VDF-Depchain/depchain/libs/gnark-1.1.1.jar:/home/c4rrao/cps/project/VDF-Depchain/depchain/libs/gson-2.12.1.jar:/home/c4rrao/cps/project/VDF-Depchain/depchain/libs/guava-33.4.0-jre.jar:/home/c4rrao/cps/project/VDF-Depchain/depchain/libs/jna-5.16.0.jar:/home/c4rrao/cps/project/VDF-Depchain/depchain/libs/rlp-24.12.2.jar:/home/c4rrao/cps/project/VDF-Depchain/depchain/libs/secp256k1-1.1.1.jar:/home/c4rrao/cps/project/VDF-Depchain/depchain/libs/slf4j-api-2.0.16.jar:/home/c4rrao/cps/project/VDF-Depchain/depchain/libs/tuweni-bytes-2.3.1.jar:/home/c4rrao/cps/project/VDF-Depchain/depchain/libs/tuweni-units-2.3.1.jar:/home/c4rrao/cps/project/VDF-Depchain/depchain/libs/web3j-utils-4.0.4.jar:/home/c4rrao/.m2/repository/org/apache/tuweni/tuweni-bytes/2.3.0/tuweni-bytes-2.3.0.jar:/home/c4rrao/.m2/repository/org/connid/framework/1.3.2/framework-1.3.2.jar:/home/c4rrao/.m2/repository/org/connid/framework-internal/1.3.2/framework-internal-1.3.2.jar:/home/c4rrao/.m2/repository/com/google/code/findbugs/jsr305/3.0.2/jsr305-3.0.2.jar:/home/c4rrao/.m2/repository/com/google/errorprone/error_prone_annotations/2.15.0/error_prone_annotations-2.15.0.jar:/home/c4rrao/.m2/repository/org/jetbrains/kotlin/kotlin-stdlib-jdk8/1.6.10/kotlin-stdlib-jdk8-1.6.10.jar:/home/c4rrao/.m2/repository/org/jetbrains/kotlin/kotlin-stdlib/1.6.10/kotlin-stdlib-1.6.10.jar:/home/c4rrao/.m2/repository/org/jetbrains/annotations/13.0/annotations-13.0.jar:/home/c4rrao/.m2/repository/org/jetbrains/kotlin/kotlin-stdlib-common/1.6.10/kotlin-stdlib-common-1.6.10.jar:/home/c4rrao/.m2/repository/org/jetbrains/kotlin/kotlin-stdlib-jdk7/1.6.10/kotlin-stdlib-jdk7-1.6.10.jar:/home/c4rrao/.m2/repository/org/apache/tuweni/tuweni-crypto/2.3.0/tuweni-crypto-2.3.0.jar:/home/c4rrao/.m2/repository/org/apache/tuweni/tuweni-io/2.3.0/tuweni-io-2.3.0.jar:/home/c4rrao/.m2/repository/commons-codec/commons-codec/1.14/commons-codec-1.14.jar:/home/c4rrao/.m2/repository/com/google/guava/guava/31.0.1-jre/guava-31.0.1-jre.jar:/home/c4rrao/.m2/repository/com/google/guava/failureaccess/1.0.1/failureaccess-1.0.1.jar:/home/c4rrao/.m2/repository/com/google/guava/listenablefuture/9999.0-empty-to-avoid-conflict-with-guava/listenablefuture-9999.0-empty-to-avoid-conflict-with-guava.jar:/home/c4rrao/.m2/repository/org/checkerframework/checker-qual/3.12.0/checker-qual-3.12.0.jar:/home/c4rrao/.m2/repository/com/google/j2objc/j2objc-annotations/1.3/j2objc-annotations-1.3.jar:/home/c4rrao/.m2/repository/org/apache/tuweni/tuweni-units/2.3.0/tuweni-units-2.3.0.jar:/home/c4rrao/.m2/repository/com/github/jnr/jnr-ffi/2.1.9/jnr-ffi-2.1.9.jar:/home/c4rrao/.m2/repository/com/github/jnr/jffi/1.2.17/jffi-1.2.17.jar:/home/c4rrao/.m2/repository/com/github/jnr/jffi/1.2.16/jffi-1.2.16-native.jar:/home/c4rrao/.m2/repository/org/ow2/asm/asm/5.0.3/asm-5.0.3.jar:/home/c4rrao/.m2/repository/org/ow2/asm/asm-commons/5.0.3/asm-commons-5.0.3.jar:/home/c4rrao/.m2/repository/org/ow2/asm/asm-analysis/5.0.3/asm-analysis-5.0.3.jar:/home/c4rrao/.m2/repository/org/ow2/asm/asm-tree/5.0.3/asm-tree-5.0.3.jar:/home/c4rrao/.m2/repository/org/ow2/asm/asm-util/5.0.3/asm-util-5.0.3.jar:/home/c4rrao/.m2/repository/com/github/jnr/jnr-a64asm/1.0.0/jnr-a64asm-1.0.0.jar:/home/c4rrao/.m2/repository/com/github/jnr/jnr-x86asm/1.0.2/jnr-x86asm-1.0.2.jar:"/>
    <property name="java.vm.vendor" value="Oracle Corporation"/>
    <property name="sun.arch.data.model" value="64"/>
    <property name="java.vendor.url" value="https://java.oracle.com/"/>
    <property name="os.name" value="Linux"/>
    <property name="java.vm.specification.version" value="24"/>
    <property name="sun.java.launcher" value="SUN_STANDARD"/>
    <property name="sun.boot.library.path" value="/usr/lib/jvm/jdk-24/lib"/>
    <property name="sun.java.command" value="/home/c4rrao/cps/project/VDF-Depchain/depchain/target/surefire/surefirebooter-20250614075256913_3.jar /home/c4rrao/cps/project/VDF-Depchain/depchain/target/surefire 2025-06-14T07-52-56_839-jvmRun1 surefire-20250614075256913_1tmp surefire_0-20250614075256913_2tmp"/>
    <property name="jdk.debug" value="release"/>
    <property name="surefire.test.class.path" value="/home/c4rrao/cps/project/VDF-Depchain/depchain/target/test-classes:/home/c4rrao/cps/project/VDF-Depchain/depchain/target/classes:/home/c4rrao/.m2/repository/junit/junit/4.13.2/junit-4.13.2.jar:/home/c4rrao/.m2/repository/org/hamcrest/hamcrest-core/1.3/hamcrest-core-1.3.jar:/home/c4rrao/cps/project/VDF-Depchain/depchain/libs/bcprov-jdk18on-1.80.jar:/home/c4rrao/cps/project/VDF-Depchain/depchain/libs/besu-datatypes-24.12.2.jar:/home/c4rrao/cps/project/VDF-Depchain/depchain/libs/caffeine-3.2.0.jar:/home/c4rrao/cps/project/VDF-Depchain/depchain/libs/core-24.12.2.jar:/home/c4rrao/cps/project/VDF-Depchain/depchain/libs/crypto-23.1.3.jar:/home/c4rrao/cps/project/VDF-Depchain/depchain/libs/evm-24.12.2.jar:/home/c4rrao/cps/project/VDF-Depchain/depchain/libs/gnark-1.1.1.jar:/home/c4rrao/cps/project/VDF-Depchain/depchain/libs/gson-2.12.1.jar:/home/c4rrao/cps/project/VDF-Depchain/depchain/libs/guava-33.4.0-jre.jar:/home/c4rrao/cps/project/VDF-Depchain/depchain/libs/jna-5.16.0.jar:/home/c4rrao/cps/project/VDF-Depchain/depchain/libs/rlp-24.12.2.jar:/home/c4rrao/cps/project/VDF-Depchain/depchain/libs/secp256k1-1.1.1.jar:/home/c4rrao/cps/project/VDF-Depchain/depchain/libs/slf4j-api-2.0.16.jar:/home/c4rrao/cps/project/VDF-Depchain/depchain/libs/tuweni-bytes-2.3.1.jar:/home/c4rrao/cps/project/VDF-Depchain/depchain/libs/tuweni-units-2.3.1.jar:/home/c4rrao/cps/project/VDF-Depchain/depchain/libs/web3j-utils-4.0.4.jar:/home/c4rrao/.m2/repository/org/apache/tuweni/tuweni-bytes/2.3.0/tuweni-bytes-2.3.0.jar:/home/c4rrao/.m2/repository/org/connid/framework/1.3.2/framework-1.3.2.jar:/home/c4rrao/.m2/repository/org/connid/framework-internal/1.3.2/framework-internal-1.3.2.jar:/home/c4rrao/.m2/repository/com/google/code/findbugs/jsr305/3.0.2/jsr305-3.0.2.jar:/home/c4rrao/.m2/repository/com/google/errorprone/error_prone_annotations/2.15.0/error_prone_annotations-2.15.0.jar:/home/c4rrao/.m2/repository/org/jetbrains/kotlin/kotlin-stdlib-jdk8/1.6.10/kotlin-stdlib-jdk8-1.6.10.jar:/home/c4rrao/.m2/repository/org/jetbrains/kotlin/kotlin-stdlib/1.6.10/kotlin-stdlib-1.6.10.jar:/home/c4rrao/.m2/repository/org/jetbrains/annotations/13.0/annotations-13.0.jar:/home/c4rrao/.m2/repository/org/jetbrains/kotlin/kotlin-stdlib-common/1.6.10/kotlin-stdlib-common-1.6.10.jar:/home/c4rrao/.m2/repository/org/jetbrains/kotlin/kotlin-stdlib-jdk7/1.6.10/kotlin-stdlib-jdk7-1.6.10.jar:/home/c4rrao/.m2/repository/org/apache/tuweni/tuweni-crypto/2.3.0/tuweni-crypto-2.3.0.jar:/home/c4rrao/.m2/repository/org/apache/tuweni/tuweni-io/2.3.0/tuweni-io-2.3.0.jar:/home/c4rrao/.m2/repository/commons-codec/commons-codec/1.14/commons-codec-1.14.jar:/home/c4rrao/.m2/repository/com/google/guava/guava/31.0.1-jre/guava-31.0.1-jre.jar:/home/c4rrao/.m2/repository/com/google/guava/failureaccess/1.0.1/failureaccess-1.0.1.jar:/home/c4rrao/.m2/repository/com/google/guava/listenablefuture/9999.0-empty-to-avoid-conflict-with-guava/listenablefuture-9999.0-empty-to-avoid-conflict-with-guava.jar:/home/c4rrao/.m2/repository/org/checkerframework/checker-qual/3.12.0/checker-qual-3.12.0.jar:/home/c4rrao/.m2/repository/com/google/j2objc/j2objc-annotations/1.3/j2objc-annotations-1.3.jar:/home/c4rrao/.m2/repository/org/apache/tuweni/tuweni-units/2.3.0/tuweni-units-2.3.0.jar:/home/c4rrao/.m2/repository/com/github/jnr/jnr-ffi/2.1.9/jnr-ffi-2.1.9.jar:/home/c4rrao/.m2/repository/com/github/jnr/jffi/1.2.17/jffi-1.2.17.jar:/home/c4rrao/.m2/repository/com/github/jnr/jffi/1.2.16/jffi-1.2.16-native.jar:/home/c4rrao/.m2/repository/org/ow2/asm/asm/5.0.3/asm-5.0.3.jar:/home/c4rrao/.m2/repository/org/ow2/asm/asm-commons/5.0.3/asm-commons-5.0.3.jar:/home/c4rrao/.m2/repository/org/ow2/asm/asm-analysis/5.0.3/asm-analysis-5.0.3.jar:/home/c4rrao/.m2/repository/org/ow2/asm/asm-tree/5.0.3/asm-tree-5.0.3.jar:/home/c4rrao/.m2/repository/org/ow2/asm/asm-util/5.0.3/asm-util-5.0.3.jar:/home/c4rrao/.m2/repository/com/github/jnr/jnr-a64asm/1.0.0/jnr-a64asm-1.0.0.jar:/home/c4rrao/.m2/repository/com/github/jnr/jnr-x86asm/1.0.2/jnr-x86asm-1.0.2.jar:"/>
    <property name="sun.cpu.endian" value="little"/>
    <property name="user.home" value="/home/c4rrao"/>
    <property name="user.language" value="en"/>
    <property name="java.specification.vendor" value="Oracle Corporation"/>
    <property name="java.version.date" value="2025-03-18"/>
    <property name="java.home" value="/usr/lib/jvm/jdk-24"/>
    <property name="file.separator" value="/"/>
    <property name="basedir" value="/home/c4rrao/cps/project/VDF-Depchain/depchain"/>
    <property name="java.vm.compressedOopsMode" value="Zero based"/>
    <property name="line.separator" value="&#10;"/>
    <property name="java.vm.specification.vendor" value="Oracle Corporation"/>
    <property name="java.specification.name" value="Java Platform API Specification"/>
    <property name="surefire.real.class.path" value="/home/c4rrao/cps/project/VDF-Depchain/depchain/target/surefire/surefirebooter-20250614075256913_3.jar"/>
    <property name="sun.management.compiler" value="HotSpot 64-Bit Tiered Compilers"/>
    <property name="java.runtime.version" value="24+36-3646"/>
    <property name="user.name" value="c4rrao"/>
    <property name="stdout.encoding" value="UTF-8"/>
    <property name="path.separator" value=":"/>
    <property name="os.version" value="5.15.167.4-microsoft-standard-WSL2"/>
    <property name="java.runtime.name" value="Java(TM) SE Runtime Environment"/>
    <property name="file.encoding" value="UTF-8"/>
    <property name="jnidispatch.path" value="/home/c4rrao/.cache/JNA/temp/jna11355689169455929870.tmp"/>
    <property name="java.vm.name" value="Java HotSpot(TM) 64-Bit Server VM"/>
    <property name="jna.platform.library.path" value="/usr/lib/x86_64-linux-gnu:/lib/x86_64-linux-gnu:/usr/lib64:/lib64:/usr/lib:/lib:/usr/lib/x86_64-linux-gnu/libfakeroot:/usr/lib/wsl/lib"/>
    <property name="localRepository" value="/home/c4rrao/.m2/repository"/>
    <property name="jna.loaded" value="true"/>
    <property name="java.vendor.url.bug" value="https://bugreport.java.com/bugreport/"/>
    <property name="java.io.tmpdir" value="/tmp"/>
    <property name="java.version" value="24"/>
    <property name="user.dir" value="/home/c4rrao/cps/project/VDF-Depchain/depchain"/>
    <property name="os.arch" value="amd64"/>
    <property name="java.vm.specification.name" value="Java Virtual Machine Specification"/>
    <property name="native.encoding" value="UTF-8"/>
    <property name="java.library.path" value="/usr/java/packages/lib:/usr/lib64:/lib64:/lib:/usr/lib"/>
    <property name="stderr.encoding" value="UTF-8"/>
    <property name="java.vm.info" value="mixed mode, sharing"/>
    <property name="java.vendor" value="Oracle Corporation"/>
    <property name="java.vm.version" value="24+36-3646"/>
    <property name="sun.io.unicode.encoding" value="UnicodeLittle"/>
    <property name="java.class.version" value="68.0"/>
  </properties>
  <testcase name="testBasicMessageSendingAndReceiving" classname="pt.tecnico.ulisboa.AuthenticatedPerfectLinkTests" time="1.288">
    <system-err><![CDATA[[LOG] Creating shared socket - IP: 127.0.0.1 Port: 8079
|_AplManager.java::38::main

[LOG] Creating shared socket - IP: 127.0.0.1 Port: 8078
|_AplManager.java::38::main

[LOG] Getting or generating secret key
|_APLImpl.java::521::main

[LOG] Generating new secret key
|_APLImpl.java::524::main

[LOG] Port: 8078 Next seqnum: 2
|_APLImpl.java::543::main

[LOG] Sending key: javax.crypto.spec.SecretKeySpec@87a064cf
|_APLImpl.java::548::main

[LOG] 8078) Sending datamessage of seqnum 2
|_APLImpl.java::109::main

[LOG] Received key message
|_APLImpl.java::273::Thread-2

[LOG] Current key: null
|_APLImpl.java::282::Thread-2

[LOG] Received key: javax.crypto.spec.SecretKeySpec@87a064cf
|_APLImpl.java::286::Thread-2

[LOG] Socket closed, stopping listener.
|_AplManager.java::227::Thread-1

[LOG] Socket closed, stopping listener.
|_AplManager.java::227::Thread-2

]]></system-err>
  </testcase>
  <testcase name="testMessagesUniqueAndInOrder" classname="pt.tecnico.ulisboa.AuthenticatedPerfectLinkTests" time="1.243">
    <system-err><![CDATA[[LOG] Creating shared socket - IP: 127.0.0.1 Port: 8079
|_AplManager.java::38::main

[LOG] Creating shared socket - IP: 127.0.0.1 Port: 8078
|_AplManager.java::38::main

[LOG] Getting or generating secret key
|_APLImpl.java::521::main

[LOG] Generating new secret key
|_APLImpl.java::524::main

[LOG] Port: 8078 Next seqnum: 2
|_APLImpl.java::543::main

[LOG] Sending key: javax.crypto.spec.SecretKeySpec@87a064cf
|_APLImpl.java::548::main

[LOG] 8078) Sending datamessage of seqnum 2
|_APLImpl.java::109::main

[LOG] Getting or generating secret key
|_APLImpl.java::521::main

[LOG] Received key message
|_APLImpl.java::273::Thread-4

[LOG] 8078) Sending datamessage of seqnum 3
|_APLImpl.java::109::main

[LOG] Getting or generating secret key
|_APLImpl.java::521::main

[LOG] 8078) Sending datamessage of seqnum 4
|_APLImpl.java::109::main

[LOG] Getting or generating secret key
|_APLImpl.java::521::main

[LOG] 8078) Sending datamessage of seqnum 5
|_APLImpl.java::109::main

[LOG] Current key: null
|_APLImpl.java::282::Thread-4

[LOG] Received key: javax.crypto.spec.SecretKeySpec@87a064cf
|_APLImpl.java::286::Thread-4

[LOG] Getting or generating secret key
|_APLImpl.java::521::main

[LOG] 8078) Sending datamessage of seqnum 6
|_APLImpl.java::109::main

[LOG] Getting or generating secret key
|_APLImpl.java::521::main

[LOG] 8078) Sending datamessage of seqnum 7
|_APLImpl.java::109::main

[LOG] Getting or generating secret key
|_APLImpl.java::521::main

[LOG] 8078) Sending datamessage of seqnum 8
|_APLImpl.java::109::main

[LOG] Getting or generating secret key
|_APLImpl.java::521::main

[LOG] 8078) Sending datamessage of seqnum 9
|_APLImpl.java::109::main

[LOG] Getting or generating secret key
|_APLImpl.java::521::main

[LOG] 8078) Sending datamessage of seqnum 10
|_APLImpl.java::109::main

[LOG] Getting or generating secret key
|_APLImpl.java::521::main

[LOG] 8078) Sending datamessage of seqnum 11
|_APLImpl.java::109::main

[LOG] No APL instance found for sender ID: 2
|_AplManager.java::220::Thread-3

[LOG] No APL instance found for sender ID: 2
|_AplManager.java::220::Thread-3

[LOG] No APL instance found for sender ID: 2
|_AplManager.java::220::Thread-3

[LOG] No APL instance found for sender ID: 2
|_AplManager.java::220::Thread-3

[LOG] No APL instance found for sender ID: 2
|_AplManager.java::220::Thread-3

[LOG] No APL instance found for sender ID: 2
|_AplManager.java::220::Thread-3

[LOG] No APL instance found for sender ID: 2
|_AplManager.java::220::Thread-3

[LOG] Socket closed, stopping listener.
|_AplManager.java::227::Thread-3

]]></system-err>
  </testcase>
  <testcase name="testSameMessageNotConsideredDuplicate" classname="pt.tecnico.ulisboa.AuthenticatedPerfectLinkTests" time="1.85">
    <system-err><![CDATA[[LOG] Socket closed, stopping listener.
|_AplManager.java::227::Thread-4

[LOG] Creating shared socket - IP: 127.0.0.1 Port: 8079
|_AplManager.java::38::main

[LOG] Creating shared socket - IP: 127.0.0.1 Port: 8078
|_AplManager.java::38::main

[LOG] Getting or generating secret key
|_APLImpl.java::521::main

[LOG] Generating new secret key
|_APLImpl.java::524::main

[LOG] Port: 8078 Next seqnum: 2
|_APLImpl.java::543::main

[LOG] Sending key: javax.crypto.spec.SecretKeySpec@87a064cf
|_APLImpl.java::548::main

[LOG] 8078) Sending datamessage of seqnum 2
|_APLImpl.java::109::main

[LOG] Received key message
|_APLImpl.java::273::Thread-6

[LOG] Getting or generating secret key
|_APLImpl.java::521::main

[LOG] 8078) Sending datamessage of seqnum 3
|_APLImpl.java::109::main

[LOG] Getting or generating secret key
|_APLImpl.java::521::main

[LOG] 8078) Sending datamessage of seqnum 4
|_APLImpl.java::109::main

[LOG] Getting or generating secret key
|_APLImpl.java::521::main

[LOG] 8078) Sending datamessage of seqnum 5
|_APLImpl.java::109::main

[LOG] Getting or generating secret key
|_APLImpl.java::521::main

[LOG] 8078) Sending datamessage of seqnum 6
|_APLImpl.java::109::main

[LOG] Current key: null
|_APLImpl.java::282::Thread-6

[LOG] Received key: javax.crypto.spec.SecretKeySpec@87a064cf
|_APLImpl.java::286::Thread-6

[LOG] Socket closed, stopping listener.
|_AplManager.java::227::Thread-5

]]></system-err>
  </testcase>
  <testcase name="testHmacVerification" classname="pt.tecnico.ulisboa.AuthenticatedPerfectLinkTests" time="2.317">
    <system-err><![CDATA[[LOG] Socket closed, stopping listener.
|_AplManager.java::227::Thread-6

[LOG] Creating shared socket - IP: 127.0.0.1 Port: 8079
|_AplManager.java::38::main

[LOG] Creating shared socket - IP: 127.0.0.1 Port: 8078
|_AplManager.java::38::main

[LOG] Getting or generating secret key
|_APLImpl.java::521::main

[LOG] Generating new secret key
|_APLImpl.java::524::main

[LOG] Port: 8078 Next seqnum: 2
|_APLImpl.java::543::main

[LOG] Sending key: javax.crypto.spec.SecretKeySpec@87a064cf
|_APLImpl.java::548::main

[LOG] Port: 8078 Next seqnum: 3
|_APLImpl.java::153::main

[LOG] Received key message
|_APLImpl.java::273::Thread-8

[LOG] Current key: null
|_APLImpl.java::282::Thread-8

[LOG] Received key: javax.crypto.spec.SecretKeySpec@87a064cf
|_APLImpl.java::286::Thread-8

[LOG] Error receiving packetjava.io.StreamCorruptedException: invalid stream header: 01000000
|_AplManager.java::232::Thread-8

[LOG] 8078) Retransmitting message with seqNum: 2
Waited cooldown: 300ms
|_APLImpl.java::469::pool-8-thread-1

[LOG] Authentication failed for message
|_APLImpl.java::334::Thread-8

[LOG] Socket closed, stopping listener.
|_AplManager.java::227::Thread-7

]]></system-err>
  </testcase>
  <testcase name="testMessageDeliveryWithNetworkPartition" classname="pt.tecnico.ulisboa.AuthenticatedPerfectLinkTests" time="1.923">
    <system-err><![CDATA[[LOG] Socket closed, stopping listener.
|_AplManager.java::227::Thread-8

[LOG] Creating shared socket - IP: 127.0.0.1 Port: 8079
|_AplManager.java::38::main

[LOG] Creating shared socket - IP: 127.0.0.1 Port: 8078
|_AplManager.java::38::main

[LOG] AplManager is now Not listening.
|_AplManager.java::248::main

[LOG] Getting or generating secret key
|_APLImpl.java::521::main

[LOG] Generating new secret key
|_APLImpl.java::524::main

[LOG] Port: 8078 Next seqnum: 2
|_APLImpl.java::543::main

[LOG] Sending key: javax.crypto.spec.SecretKeySpec@87a064cf
|_APLImpl.java::548::main

[LOG] Not listening, dropping packet.
|_AplManager.java::169::Thread-10

[LOG] 8078) Sending datamessage of seqnum 2
|_APLImpl.java::109::main

[LOG] Not listening, dropping packet.
|_AplManager.java::169::Thread-10

[LOG] AplManager is now listening.
|_AplManager.java::248::main

[LOG] 8078) Retransmitting message with seqNum: 1
Waited cooldown: 300ms
|_APLImpl.java::469::pool-10-thread-1

[LOG] 8078) Retransmitting message with seqNum: 2
Waited cooldown: 300ms
|_APLImpl.java::469::pool-10-thread-1

[LOG] Received key message
|_APLImpl.java::273::Thread-10

[LOG] Current key: null
|_APLImpl.java::282::Thread-10

[LOG] Received key: javax.crypto.spec.SecretKeySpec@87a064cf
|_APLImpl.java::286::Thread-10

[LOG] Socket closed, stopping listener.
|_AplManager.java::227::Thread-9

]]></system-err>
  </testcase>
  <testcase name="testMessageDeliveryAfterTimeout" classname="pt.tecnico.ulisboa.AuthenticatedPerfectLinkTests" time="3.023">
    <system-err><![CDATA[[LOG] Socket closed, stopping listener.
|_AplManager.java::227::Thread-10

[LOG] Creating shared socket - IP: 127.0.0.1 Port: 8079
|_AplManager.java::38::main

[LOG] Creating shared socket - IP: 127.0.0.1 Port: 8078
|_AplManager.java::38::main

[LOG] AplManager is now Not listening.
|_AplManager.java::248::main

[LOG] Getting or generating secret key
|_APLImpl.java::521::main

[LOG] Generating new secret key
|_APLImpl.java::524::main

[LOG] Port: 8078 Next seqnum: 2
|_APLImpl.java::543::main

[LOG] Sending key: javax.crypto.spec.SecretKeySpec@87a064cf
|_APLImpl.java::548::main

[LOG] Not listening, dropping packet.
|_AplManager.java::169::Thread-12

[LOG] Timeout set to 0
|_DataMessage.java::22::main

[LOG] Not listening, dropping packet.
|_AplManager.java::169::Thread-12

[LOG] Getting or generating secret key
|_APLImpl.java::521::main

[LOG] 8078) Sending datamessage of seqnum 3
|_APLImpl.java::109::main

[LOG] Not listening, dropping packet.
|_AplManager.java::169::Thread-12

[LOG] Receiver is listening: false
|_AuthenticatedPerfectLinkTests.java::380::main

[LOG] Message timed out: 2
|_APLImpl.java::409::pool-12-thread-1

[LOG] aqui
|_APLImpl.java::418::pool-12-thread-1

[LOG] aqui
|_APLImpl.java::418::pool-12-thread-1

[LOG] aqui
|_APLImpl.java::418::pool-12-thread-1

[LOG] aqui
|_APLImpl.java::418::pool-12-thread-1

[LOG] aqui
|_APLImpl.java::418::pool-12-thread-1

[LOG] aqui
|_APLImpl.java::418::pool-12-thread-1

[LOG] aqui
|_APLImpl.java::418::pool-12-thread-1

[LOG] aqui
|_APLImpl.java::418::pool-12-thread-1

[LOG] aqui
|_APLImpl.java::418::pool-12-thread-1

[LOG] aqui
|_APLImpl.java::418::pool-12-thread-1

[LOG] aqui
|_APLImpl.java::418::pool-12-thread-1

[LOG] aqui
|_APLImpl.java::418::pool-12-thread-1

[LOG] aqui
|_APLImpl.java::418::pool-12-thread-1

[LOG] aqui
|_APLImpl.java::418::pool-12-thread-1

[LOG] aqui
|_APLImpl.java::418::pool-12-thread-1

[LOG] aqui
|_APLImpl.java::418::pool-12-thread-1

[LOG] aqui
|_APLImpl.java::418::pool-12-thread-1

[LOG] aqui
|_APLImpl.java::418::pool-12-thread-1

[LOG] aqui
|_APLImpl.java::418::pool-12-thread-1

[LOG] aqui
|_APLImpl.java::418::pool-12-thread-1

[LOG] Timed out messages: [2]
|_APLImpl.java::421::pool-12-thread-1

[LOG] Pending messages: [1, 2, 3]
|_APLImpl.java::423::pool-12-thread-1

[LOG] Decreasing every message's seqnum
|_APLImpl.java::428::pool-12-thread-1

[LOG] Port: 8078 Next seqnum: 3
|_APLImpl.java::456::pool-12-thread-1

[LOG] Pending messages after: [1, 2]
|_APLImpl.java::459::pool-12-thread-1

[LOG] 8078) Retransmitting message with seqNum: 1
Waited cooldown: 300ms
|_APLImpl.java::469::pool-12-thread-1

[LOG] 8078) Retransmitting message with seqNum: 2
Waited cooldown: 300ms
|_APLImpl.java::469::pool-12-thread-1

[LOG] Not listening, dropping packet.
|_AplManager.java::169::Thread-12

[LOG] Not listening, dropping packet.
|_AplManager.java::169::Thread-12

[LOG] AplManager is now listening.
|_AplManager.java::248::main

[LOG] 8078) Retransmitting message with seqNum: 1
Waited cooldown: 600ms
|_APLImpl.java::469::pool-12-thread-1

[LOG] 8078) Retransmitting message with seqNum: 2
Waited cooldown: 600ms
|_APLImpl.java::469::pool-12-thread-1

[LOG] Received key message
|_APLImpl.java::273::Thread-12

[LOG] Current key: null
|_APLImpl.java::282::Thread-12

[LOG] Received key: javax.crypto.spec.SecretKeySpec@87a064cf
|_APLImpl.java::286::Thread-12

[LOG] Received timeout message: This message should still be delivered
|_AuthenticatedPerfectLinkTests.java::356::Thread-12

[LOG] Socket closed, stopping listener.
|_AplManager.java::227::Thread-11

]]></system-err>
  </testcase>
  <testcase name="testAttackerImpersonatingServer" classname="pt.tecnico.ulisboa.AuthenticatedPerfectLinkTests" time="2.346">
    <system-err><![CDATA[[LOG] Socket closed, stopping listener.
|_AplManager.java::227::Thread-12

[LOG] Creating shared socket - IP: 127.0.0.1 Port: 8079
|_AplManager.java::38::main

[LOG] Creating shared socket - IP: 127.0.0.1 Port: 8078
|_AplManager.java::38::main

[LOG] Creating shared socket - IP: 127.0.0.1 Port: 8077
|_AplManager.java::38::main

[LOG] Getting or generating secret key
|_APLImpl.java::521::main

[LOG] Generating new secret key
|_APLImpl.java::524::main

[LOG] Port: 8078 Next seqnum: 2
|_APLImpl.java::543::main

[LOG] Sending key: javax.crypto.spec.SecretKeySpec@87a064cf
|_APLImpl.java::548::main

[LOG] 8078) Sending datamessage of seqnum 2
|_APLImpl.java::109::main

[LOG] Received key message
|_APLImpl.java::273::Thread-14

[LOG] Current key: null
|_APLImpl.java::282::Thread-14

[LOG] Received key: javax.crypto.spec.SecretKeySpec@87a064cf
|_APLImpl.java::286::Thread-14

[LOG] Getting or generating secret key
|_APLImpl.java::521::main

[LOG] Generating new secret key
|_APLImpl.java::524::main

[LOG] Port: 8078 Next seqnum: 2
|_APLImpl.java::543::main

[LOG] Sending key: javax.crypto.spec.SecretKeySpec@87a064cf
|_APLImpl.java::548::main

[LOG] 8078) Sending datamessage of seqnum 2
|_APLImpl.java::109::main

[LOG] Received packet from unknown sender: 127.0.0.1:8077.
|_AplManager.java::175::Thread-14

[LOG] Dropping packet.
|_ServerAplManager.java::19::Thread-14

[LOG] Received packet from unknown sender: 127.0.0.1:8077.
|_AplManager.java::175::Thread-14

[LOG] Dropping packet.
|_ServerAplManager.java::19::Thread-14

[LOG] Socket closed, stopping listener.
|_AplManager.java::227::Thread-13

]]></system-err>
  </testcase>
</testsuite>